<?xml version="1.0" encoding="UTF-8"?>
<testsuite xmlns:xsi="http://www.w3.org/2001/XMLSchema-instance" xsi:noNamespaceSchemaLocation="https://maven.apache.org/surefire/maven-surefire-plugin/xsd/surefire-test-report.xsd" name="calculator.CalculatorTest" time="2.384" tests="12" errors="0" skipped="0" failures="0">
  <properties>
[...]
</properties>
  <testcase name="digitsSet_shouldReturnsTheSetOfDigits_ofPositiveInteger" classname="calculator.CalculatorTest" time="0.125"/>
  <testcase name="testAddTwoPositiveNumbers" classname="calculator.CalculatorTest" time="0.061"/>
  <testcase name="add_shouldReturnTheSum_ofMultipleIntegers{int, int, int}[1]" classname="calculator.CalculatorTest" time="0.035"/>
  <testcase name="add_shouldReturnTheSum_ofMultipleIntegers{int, int, int}[2]" classname="calculator.CalculatorTest" time="0.001"/>
  <testcase name="add_shouldReturnTheSum_ofMultipleIntegers{int, int, int}[3]" classname="calculator.CalculatorTest" time="0.001"/>
  <testcase name="multiply_shouldReturnTheProduct_ofTwoIntegers" classname="calculator.CalculatorTest" time="0.001"/>
  <testcase name="longCalcul_shouldComputeInLessThan1Second" classname="calculator.CalculatorTest" time="2.009"/>
  <testcase name="multiply_shouldReturnZero_ofZeroWithMultipleIntegers{int}[1]" classname="calculator.CalculatorTest" time="0.002"/>
  <testcase name="multiply_shouldReturnZero_ofZeroWithMultipleIntegers{int}[2]" classname="calculator.CalculatorTest" time="0.001"/>
  <testcase name="multiply_shouldReturnZero_ofZeroWithMultipleIntegers{int}[3]" classname="calculator.CalculatorTest" time="0.001"/>
  <testcase name="multiply_shouldReturnZero_ofZeroWithMultipleIntegers{int}[4]" classname="calculator.CalculatorTest" time="0.002"/>
  <testcase name="multiply_shouldReturnZero_ofZeroWithMultipleIntegers{int}[5]" classname="calculator.CalculatorTest" time="0.002"/>
</testsuite>